<?xml version="1.0" encoding="UTF-8"?>
<testsuite name="dao.EmpleadoDaoTest" time="0.695" tests="4" errors="4" skipped="0" failures="0">
  <properties>
[...]
</properties>
  <testcase name="testFindByCedula" classname="dao.EmpleadoDaoTest" time="0.676">
    <error type="java.lang.NullPointerException:">java.lang.NullPointerException: null
	at dao.EmpleadoDaoTest.testFindByCedula(EmpleadoDaoTest.java:22)
</error>
    <system-out><![CDATA[Testing find by cedula empleado
]]></system-out>
  </testcase>
  <testcase name="testFindByNombre" classname="dao.EmpleadoDaoTest" time="0.004">
    <error type="java.lang.NullPointerException:">java.lang.NullPointerException: null
	at dao.EmpleadoDaoTest.testFindByNombre(EmpleadoDaoTest.java:27)
</error>
    <system-out><![CDATA[Testing find by nombre empleado
]]></system-out>
  </testcase>
  <testcase name="testGetEmpleado" classname="dao.EmpleadoDaoTest" time="0.014">
    <error type="java.lang.NullPointerException:">java.lang.NullPointerException: null
	at dao.EmpleadoDaoTest.testGetEmpleado(EmpleadoDaoTest.java:37)
</error>
    <system-out><![CDATA[Testing get Empleado
]]></system-out>
  </testcase>
  <testcase name="testCreateEmpleado" classname="dao.EmpleadoDaoTest" time="0.001">
    <error type="java.lang.NullPointerException:">java.lang.NullPointerException: null
	at dao.EmpleadoDaoTest.testCreateEmpleado(EmpleadoDaoTest.java:32)
</error>
    <system-out><![CDATA[testing create empleado
]]></system-out>
  </testcase>
</testsuite>